<?xml version="1.0" encoding="UTF-8"?>
<!-- Generated by org.testng.reporters.JUnitReportReporter -->
<testsuite hostname="Mohamed-Abdelsalam" failures="0" tests="2" name="Tests.userLoginTestAndAddProductTest" time="67.413" errors="0" timestamp="02 Jan 2023 10:52:00 GMT" skipped="0">
  <testcase classname="Tests.userLoginTestAndAddProductTest" name="login_success" time="0.185"/>
  <testcase classname="Tests.userLoginTestAndAddProductTest" name="AddProduct" time="67.228"/>
</testsuite> <!-- Tests.userLoginTestAndAddProductTest -->
