<?xml version="1.0" encoding="UTF-8"?>
<!-- Generated by org.testng.reporters.JUnitReportReporter -->
<testsuite hostname="Mohamed-Abdelsalam" failures="0" tests="1" name="Login" time="4.308" errors="0" timestamp="29 Dec 2022 12:21:13 GMT" skipped="0">
  <testcase classname="Login" name="test" time="4.308"/>
</testsuite> <!-- Login -->
